<?xml version="1.0" encoding="UTF-8"?>
<testsuite xmlns:xsi="http://www.w3.org/2001/XMLSchema-instance" xsi:noNamespaceSchemaLocation="https://maven.apache.org/surefire/maven-surefire-plugin/xsd/surefire-test-report-3.0.xsd" version="3.0" name="com.mycompany.camel.activemq.CamelContextXmlTest" time="5.037" tests="1" errors="0" skipped="0" failures="0">
  <properties>
    <property name="sun.desktop" value="windows"/>
    <property name="awt.toolkit" value="sun.awt.windows.WToolkit"/>
    <property name="file.encoding.pkg" value="sun.io"/>
    <property name="java.specification.version" value="1.8"/>
    <property name="sun.cpu.isalist" value=""/>
    <property name="sun.jnu.encoding" value="Cp1252"/>
    <property name="java.class.path" value="C:\Users\soadc\workspace\WebServicesSpring\target\test-classes;C:\Users\soadc\workspace\WebServicesSpring\target\classes;C:\Users\soadc\.m2\repository\org\apache\camel\camel-core\2.17.0.redhat-630187\camel-core-2.17.0.redhat-630187.jar;C:\Users\soadc\.m2\repository\org\slf4j\slf4j-api\1.7.7.redhat-2\slf4j-api-1.7.7.redhat-2.jar;C:\Users\soadc\.m2\repository\com\sun\xml\bind\jaxb-core\2.2.11\jaxb-core-2.2.11.jar;C:\Users\soadc\.m2\repository\com\sun\xml\bind\jaxb-impl\2.2.11.redhat-2\jaxb-impl-2.2.11.redhat-2.jar;C:\Users\soadc\.m2\repository\org\apache\camel\camel-jms\2.17.0.redhat-630187\camel-jms-2.17.0.redhat-630187.jar;C:\Users\soadc\.m2\repository\org\springframework\spring-jms\3.2.16.RELEASE\spring-jms-3.2.16.RELEASE.jar;C:\Users\soadc\.m2\repository\org\springframework\spring-context\3.2.16.RELEASE\spring-context-3.2.16.RELEASE.jar;C:\Users\soadc\.m2\repository\org\springframework\spring-tx\3.2.16.RELEASE\spring-tx-3.2.16.RELEASE.jar;C:\Users\soadc\.m2\repository\org\springframework\spring-beans\3.2.16.RELEASE\spring-beans-3.2.16.RELEASE.jar;C:\Users\soadc\.m2\repository\org\apache\camel\camel-spring\2.17.0.redhat-630187\camel-spring-2.17.0.redhat-630187.jar;C:\Users\soadc\.m2\repository\org\springframework\spring-core\3.2.16.RELEASE\spring-core-3.2.16.RELEASE.jar;C:\Users\soadc\.m2\repository\commons-logging\commons-logging\1.2\commons-logging-1.2.jar;C:\Users\soadc\.m2\repository\org\springframework\spring-aop\3.2.16.RELEASE\spring-aop-3.2.16.RELEASE.jar;C:\Users\soadc\.m2\repository\aopalliance\aopalliance\1.0\aopalliance-1.0.jar;C:\Users\soadc\.m2\repository\org\springframework\spring-expression\3.2.16.RELEASE\spring-expression-3.2.16.RELEASE.jar;C:\Users\soadc\.m2\repository\org\apache\activemq\activemq-client\5.11.0.redhat-630187\activemq-client-5.11.0.redhat-630187.jar;C:\Users\soadc\.m2\repository\org\apache\geronimo\specs\geronimo-jms_1.1_spec\1.1.1\geronimo-jms_1.1_spec-1.1.1.jar;C:\Users\soadc\.m2\repository\org\fusesource\hawtbuf\hawtbuf\1.11.0.redhat-1\hawtbuf-1.11.0.redhat-1.jar;C:\Users\soadc\.m2\repository\org\apache\geronimo\specs\geronimo-j2ee-management_1.1_spec\1.0.1\geronimo-j2ee-management_1.1_spec-1.0.1.jar;C:\Users\soadc\.m2\repository\org\apache\activemq\activemq-camel\5.11.0.redhat-630187\activemq-camel-5.11.0.redhat-630187.jar;C:\Users\soadc\.m2\repository\org\apache\activemq\activemq-spring\5.11.0.redhat-630187\activemq-spring-5.11.0.redhat-630187.jar;C:\Users\soadc\.m2\repository\org\apache\xbean\xbean-spring\3.18\xbean-spring-3.18.jar;C:\Users\soadc\.m2\repository\org\apache\activemq\activemq-pool\5.11.0.redhat-630187\activemq-pool-5.11.0.redhat-630187.jar;C:\Users\soadc\.m2\repository\org\apache\activemq\activemq-jms-pool\5.11.0.redhat-630187\activemq-jms-pool-5.11.0.redhat-630187.jar;C:\Users\soadc\.m2\repository\org\apache\geronimo\specs\geronimo-jta_1.0.1B_spec\1.0.1\geronimo-jta_1.0.1B_spec-1.0.1.jar;C:\Users\soadc\.m2\repository\commons-pool\commons-pool\1.6.0.redhat-9\commons-pool-1.6.0.redhat-9.jar;C:\Users\soadc\.m2\repository\org\apache\activemq\activemq-broker\5.11.0.redhat-630187\activemq-broker-5.11.0.redhat-630187.jar;C:\Users\soadc\.m2\repository\org\apache\activemq\activemq-openwire-legacy\5.11.0.redhat-630187\activemq-openwire-legacy-5.11.0.redhat-630187.jar;C:\Users\soadc\.m2\repository\org\apache\activemq\activemq-kahadb-store\5.11.0.redhat-630187\activemq-kahadb-store-5.11.0.redhat-630187.jar;C:\Users\soadc\.m2\repository\org\apache\activemq\protobuf\activemq-protobuf\1.1\activemq-protobuf-1.1.jar;C:\Users\soadc\.m2\repository\commons-net\commons-net\3.3.0.redhat-3\commons-net-3.3.0.redhat-3.jar;C:\Users\soadc\.m2\repository\org\apache\camel\camel-cxf\2.17.0.redhat-630187\camel-cxf-2.17.0.redhat-630187.jar;C:\Users\soadc\.m2\repository\org\apache\camel\camel-cxf-transport\2.17.0.redhat-630187\camel-cxf-transport-2.17.0.redhat-630187.jar;C:\Users\soadc\.m2\repository\javax\servlet\javax.servlet-api\3.1.0.redhat-1\javax.servlet-api-3.1.0.redhat-1.jar;C:\Users\soadc\.m2\repository\org\apache\cxf\cxf-rt-frontend-jaxrs\3.1.5.redhat-630187\cxf-rt-frontend-jaxrs-3.1.5.redhat-630187.jar;C:\Users\soadc\.m2\repository\javax\ws\rs\javax.ws.rs-api\2.0.1\javax.ws.rs-api-2.0.1.jar;C:\Users\soadc\.m2\repository\javax\annotation\javax.annotation-api\1.2\javax.annotation-api-1.2.jar;C:\Users\soadc\.m2\repository\org\apache\cxf\cxf-rt-rs-security-oauth\3.1.5.redhat-630187\cxf-rt-rs-security-oauth-3.1.5.redhat-630187.jar;C:\Users\soadc\.m2\repository\org\apache\cxf\cxf-rt-rs-client\3.1.5.redhat-630187\cxf-rt-rs-client-3.1.5.redhat-630187.jar;C:\Users\soadc\.m2\repository\net\oauth\core\oauth-provider\20100527\oauth-provider-20100527.jar;C:\Users\soadc\.m2\repository\net\oauth\core\oauth\20100527\oauth-20100527.jar;C:\Users\soadc\.m2\repository\org\apache\cxf\cxf-rt-bindings-soap\3.1.5.redhat-630187\cxf-rt-bindings-soap-3.1.5.redhat-630187.jar;C:\Users\soadc\.m2\repository\org\apache\cxf\cxf-rt-wsdl\3.1.5.redhat-630187\cxf-rt-wsdl-3.1.5.redhat-630187.jar;C:\Users\soadc\.m2\repository\wsdl4j\wsdl4j\1.6.3.redhat-1\wsdl4j-1.6.3.redhat-1.jar;C:\Users\soadc\.m2\repository\org\apache\cxf\cxf-rt-databinding-jaxb\3.1.5.redhat-630187\cxf-rt-databinding-jaxb-3.1.5.redhat-630187.jar;C:\Users\soadc\.m2\repository\org\slf4j\slf4j-log4j12\1.7.7.redhat-2\slf4j-log4j12-1.7.7.redhat-2.jar;C:\Users\soadc\.m2\repository\log4j\log4j\1.2.17.redhat-1\log4j-1.2.17.redhat-1.jar;C:\Users\soadc\.m2\repository\org\apache\cxf\cxf-rt-transports-http-jetty\3.1.5.redhat-630187\cxf-rt-transports-http-jetty-3.1.5.redhat-630187.jar;C:\Users\soadc\.m2\repository\org\apache\cxf\cxf-core\3.1.5.redhat-630187\cxf-core-3.1.5.redhat-630187.jar;C:\Users\soadc\.m2\repository\org\codehaus\woodstox\woodstox-core-asl\4.4.1\woodstox-core-asl-4.4.1.jar;C:\Users\soadc\.m2\repository\org\codehaus\woodstox\stax2-api\3.1.4\stax2-api-3.1.4.jar;C:\Users\soadc\.m2\repository\org\apache\ws\xmlschema\xmlschema-core\2.2.1.redhat-1\xmlschema-core-2.2.1.redhat-1.jar;C:\Users\soadc\.m2\repository\org\apache\cxf\cxf-rt-transports-http\3.1.5.redhat-630187\cxf-rt-transports-http-3.1.5.redhat-630187.jar;C:\Users\soadc\.m2\repository\org\eclipse\jetty\jetty-server\9.2.19.v20160908\jetty-server-9.2.19.v20160908.jar;C:\Users\soadc\.m2\repository\org\eclipse\jetty\jetty-util\9.2.19.v20160908\jetty-util-9.2.19.v20160908.jar;C:\Users\soadc\.m2\repository\org\eclipse\jetty\jetty-io\9.2.19.v20160908\jetty-io-9.2.19.v20160908.jar;C:\Users\soadc\.m2\repository\org\eclipse\jetty\jetty-security\9.2.19.v20160908\jetty-security-9.2.19.v20160908.jar;C:\Users\soadc\.m2\repository\org\eclipse\jetty\jetty-continuation\9.2.19.v20160908\jetty-continuation-9.2.19.v20160908.jar;C:\Users\soadc\.m2\repository\org\eclipse\jetty\jetty-http\9.2.19.v20160908\jetty-http-9.2.19.v20160908.jar;C:\Users\soadc\.m2\repository\org\apache\cxf\cxf-rt-frontend-jaxws\3.1.5.redhat-630187\cxf-rt-frontend-jaxws-3.1.5.redhat-630187.jar;C:\Users\soadc\.m2\repository\xml-resolver\xml-resolver\1.2.0.redhat-10\xml-resolver-1.2.0.redhat-10.jar;C:\Users\soadc\.m2\repository\org\ow2\asm\asm\5.0.4\asm-5.0.4.jar;C:\Users\soadc\.m2\repository\org\apache\cxf\cxf-rt-bindings-xml\3.1.5.redhat-630187\cxf-rt-bindings-xml-3.1.5.redhat-630187.jar;C:\Users\soadc\.m2\repository\org\apache\cxf\cxf-rt-frontend-simple\3.1.5.redhat-630187\cxf-rt-frontend-simple-3.1.5.redhat-630187.jar;C:\Users\soadc\.m2\repository\org\apache\cxf\cxf-rt-ws-addr\3.1.5.redhat-630187\cxf-rt-ws-addr-3.1.5.redhat-630187.jar;C:\Users\soadc\.m2\repository\org\apache\cxf\cxf-rt-ws-policy\3.1.5.redhat-630187\cxf-rt-ws-policy-3.1.5.redhat-630187.jar;C:\Users\soadc\.m2\repository\org\apache\neethi\neethi\3.0.3.redhat-1\neethi-3.0.3.redhat-1.jar;C:\Users\soadc\.m2\repository\org\apache\camel\camel-test-spring\2.17.0.redhat-630187\camel-test-spring-2.17.0.redhat-630187.jar;C:\Users\soadc\.m2\repository\org\apache\camel\camel-test\2.17.0.redhat-630187\camel-test-2.17.0.redhat-630187.jar;C:\Users\soadc\.m2\repository\junit\junit\4.11\junit-4.11.jar;C:\Users\soadc\.m2\repository\org\hamcrest\hamcrest-core\1.3\hamcrest-core-1.3.jar;C:\Users\soadc\.m2\repository\org\springframework\spring-test\3.2.16.RELEASE\spring-test-3.2.16.RELEASE.jar;"/>
    <property name="java.vm.vendor" value="Oracle Corporation"/>
    <property name="sun.arch.data.model" value="32"/>
    <property name="user.variant" value=""/>
    <property name="java.vendor.url" value="http://java.oracle.com/"/>
    <property name="user.timezone" value="America/Bogota"/>
    <property name="java.vm.specification.version" value="1.8"/>
    <property name="os.name" value="Windows 10"/>
    <property name="user.country" value="CO"/>
    <property name="sun.java.launcher" value="SUN_STANDARD"/>
    <property name="sun.boot.library.path" value="C:\Program Files (x86)\Java\jdk1.8.0_152\jre\bin"/>
    <property name="sun.java.command" value="C:\Users\soadc\AppData\Local\Temp\surefire8912538832558623721\surefirebooter5495124880317341600.jar C:\Users\soadc\AppData\Local\Temp\surefire8912538832558623721 2019-03-17T18-29-27_865-jvmRun1 surefire7679937413106690410tmp surefire_0810340588000789508tmp"/>
    <property name="surefire.test.class.path" value="C:\Users\soadc\workspace\WebServicesSpring\target\test-classes;C:\Users\soadc\workspace\WebServicesSpring\target\classes;C:\Users\soadc\.m2\repository\org\apache\camel\camel-core\2.17.0.redhat-630187\camel-core-2.17.0.redhat-630187.jar;C:\Users\soadc\.m2\repository\org\slf4j\slf4j-api\1.7.7.redhat-2\slf4j-api-1.7.7.redhat-2.jar;C:\Users\soadc\.m2\repository\com\sun\xml\bind\jaxb-core\2.2.11\jaxb-core-2.2.11.jar;C:\Users\soadc\.m2\repository\com\sun\xml\bind\jaxb-impl\2.2.11.redhat-2\jaxb-impl-2.2.11.redhat-2.jar;C:\Users\soadc\.m2\repository\org\apache\camel\camel-jms\2.17.0.redhat-630187\camel-jms-2.17.0.redhat-630187.jar;C:\Users\soadc\.m2\repository\org\springframework\spring-jms\3.2.16.RELEASE\spring-jms-3.2.16.RELEASE.jar;C:\Users\soadc\.m2\repository\org\springframework\spring-context\3.2.16.RELEASE\spring-context-3.2.16.RELEASE.jar;C:\Users\soadc\.m2\repository\org\springframework\spring-tx\3.2.16.RELEASE\spring-tx-3.2.16.RELEASE.jar;C:\Users\soadc\.m2\repository\org\springframework\spring-beans\3.2.16.RELEASE\spring-beans-3.2.16.RELEASE.jar;C:\Users\soadc\.m2\repository\org\apache\camel\camel-spring\2.17.0.redhat-630187\camel-spring-2.17.0.redhat-630187.jar;C:\Users\soadc\.m2\repository\org\springframework\spring-core\3.2.16.RELEASE\spring-core-3.2.16.RELEASE.jar;C:\Users\soadc\.m2\repository\commons-logging\commons-logging\1.2\commons-logging-1.2.jar;C:\Users\soadc\.m2\repository\org\springframework\spring-aop\3.2.16.RELEASE\spring-aop-3.2.16.RELEASE.jar;C:\Users\soadc\.m2\repository\aopalliance\aopalliance\1.0\aopalliance-1.0.jar;C:\Users\soadc\.m2\repository\org\springframework\spring-expression\3.2.16.RELEASE\spring-expression-3.2.16.RELEASE.jar;C:\Users\soadc\.m2\repository\org\apache\activemq\activemq-client\5.11.0.redhat-630187\activemq-client-5.11.0.redhat-630187.jar;C:\Users\soadc\.m2\repository\org\apache\geronimo\specs\geronimo-jms_1.1_spec\1.1.1\geronimo-jms_1.1_spec-1.1.1.jar;C:\Users\soadc\.m2\repository\org\fusesource\hawtbuf\hawtbuf\1.11.0.redhat-1\hawtbuf-1.11.0.redhat-1.jar;C:\Users\soadc\.m2\repository\org\apache\geronimo\specs\geronimo-j2ee-management_1.1_spec\1.0.1\geronimo-j2ee-management_1.1_spec-1.0.1.jar;C:\Users\soadc\.m2\repository\org\apache\activemq\activemq-camel\5.11.0.redhat-630187\activemq-camel-5.11.0.redhat-630187.jar;C:\Users\soadc\.m2\repository\org\apache\activemq\activemq-spring\5.11.0.redhat-630187\activemq-spring-5.11.0.redhat-630187.jar;C:\Users\soadc\.m2\repository\org\apache\xbean\xbean-spring\3.18\xbean-spring-3.18.jar;C:\Users\soadc\.m2\repository\org\apache\activemq\activemq-pool\5.11.0.redhat-630187\activemq-pool-5.11.0.redhat-630187.jar;C:\Users\soadc\.m2\repository\org\apache\activemq\activemq-jms-pool\5.11.0.redhat-630187\activemq-jms-pool-5.11.0.redhat-630187.jar;C:\Users\soadc\.m2\repository\org\apache\geronimo\specs\geronimo-jta_1.0.1B_spec\1.0.1\geronimo-jta_1.0.1B_spec-1.0.1.jar;C:\Users\soadc\.m2\repository\commons-pool\commons-pool\1.6.0.redhat-9\commons-pool-1.6.0.redhat-9.jar;C:\Users\soadc\.m2\repository\org\apache\activemq\activemq-broker\5.11.0.redhat-630187\activemq-broker-5.11.0.redhat-630187.jar;C:\Users\soadc\.m2\repository\org\apache\activemq\activemq-openwire-legacy\5.11.0.redhat-630187\activemq-openwire-legacy-5.11.0.redhat-630187.jar;C:\Users\soadc\.m2\repository\org\apache\activemq\activemq-kahadb-store\5.11.0.redhat-630187\activemq-kahadb-store-5.11.0.redhat-630187.jar;C:\Users\soadc\.m2\repository\org\apache\activemq\protobuf\activemq-protobuf\1.1\activemq-protobuf-1.1.jar;C:\Users\soadc\.m2\repository\commons-net\commons-net\3.3.0.redhat-3\commons-net-3.3.0.redhat-3.jar;C:\Users\soadc\.m2\repository\org\apache\camel\camel-cxf\2.17.0.redhat-630187\camel-cxf-2.17.0.redhat-630187.jar;C:\Users\soadc\.m2\repository\org\apache\camel\camel-cxf-transport\2.17.0.redhat-630187\camel-cxf-transport-2.17.0.redhat-630187.jar;C:\Users\soadc\.m2\repository\javax\servlet\javax.servlet-api\3.1.0.redhat-1\javax.servlet-api-3.1.0.redhat-1.jar;C:\Users\soadc\.m2\repository\org\apache\cxf\cxf-rt-frontend-jaxrs\3.1.5.redhat-630187\cxf-rt-frontend-jaxrs-3.1.5.redhat-630187.jar;C:\Users\soadc\.m2\repository\javax\ws\rs\javax.ws.rs-api\2.0.1\javax.ws.rs-api-2.0.1.jar;C:\Users\soadc\.m2\repository\javax\annotation\javax.annotation-api\1.2\javax.annotation-api-1.2.jar;C:\Users\soadc\.m2\repository\org\apache\cxf\cxf-rt-rs-security-oauth\3.1.5.redhat-630187\cxf-rt-rs-security-oauth-3.1.5.redhat-630187.jar;C:\Users\soadc\.m2\repository\org\apache\cxf\cxf-rt-rs-client\3.1.5.redhat-630187\cxf-rt-rs-client-3.1.5.redhat-630187.jar;C:\Users\soadc\.m2\repository\net\oauth\core\oauth-provider\20100527\oauth-provider-20100527.jar;C:\Users\soadc\.m2\repository\net\oauth\core\oauth\20100527\oauth-20100527.jar;C:\Users\soadc\.m2\repository\org\apache\cxf\cxf-rt-bindings-soap\3.1.5.redhat-630187\cxf-rt-bindings-soap-3.1.5.redhat-630187.jar;C:\Users\soadc\.m2\repository\org\apache\cxf\cxf-rt-wsdl\3.1.5.redhat-630187\cxf-rt-wsdl-3.1.5.redhat-630187.jar;C:\Users\soadc\.m2\repository\wsdl4j\wsdl4j\1.6.3.redhat-1\wsdl4j-1.6.3.redhat-1.jar;C:\Users\soadc\.m2\repository\org\apache\cxf\cxf-rt-databinding-jaxb\3.1.5.redhat-630187\cxf-rt-databinding-jaxb-3.1.5.redhat-630187.jar;C:\Users\soadc\.m2\repository\org\slf4j\slf4j-log4j12\1.7.7.redhat-2\slf4j-log4j12-1.7.7.redhat-2.jar;C:\Users\soadc\.m2\repository\log4j\log4j\1.2.17.redhat-1\log4j-1.2.17.redhat-1.jar;C:\Users\soadc\.m2\repository\org\apache\cxf\cxf-rt-transports-http-jetty\3.1.5.redhat-630187\cxf-rt-transports-http-jetty-3.1.5.redhat-630187.jar;C:\Users\soadc\.m2\repository\org\apache\cxf\cxf-core\3.1.5.redhat-630187\cxf-core-3.1.5.redhat-630187.jar;C:\Users\soadc\.m2\repository\org\codehaus\woodstox\woodstox-core-asl\4.4.1\woodstox-core-asl-4.4.1.jar;C:\Users\soadc\.m2\repository\org\codehaus\woodstox\stax2-api\3.1.4\stax2-api-3.1.4.jar;C:\Users\soadc\.m2\repository\org\apache\ws\xmlschema\xmlschema-core\2.2.1.redhat-1\xmlschema-core-2.2.1.redhat-1.jar;C:\Users\soadc\.m2\repository\org\apache\cxf\cxf-rt-transports-http\3.1.5.redhat-630187\cxf-rt-transports-http-3.1.5.redhat-630187.jar;C:\Users\soadc\.m2\repository\org\eclipse\jetty\jetty-server\9.2.19.v20160908\jetty-server-9.2.19.v20160908.jar;C:\Users\soadc\.m2\repository\org\eclipse\jetty\jetty-util\9.2.19.v20160908\jetty-util-9.2.19.v20160908.jar;C:\Users\soadc\.m2\repository\org\eclipse\jetty\jetty-io\9.2.19.v20160908\jetty-io-9.2.19.v20160908.jar;C:\Users\soadc\.m2\repository\org\eclipse\jetty\jetty-security\9.2.19.v20160908\jetty-security-9.2.19.v20160908.jar;C:\Users\soadc\.m2\repository\org\eclipse\jetty\jetty-continuation\9.2.19.v20160908\jetty-continuation-9.2.19.v20160908.jar;C:\Users\soadc\.m2\repository\org\eclipse\jetty\jetty-http\9.2.19.v20160908\jetty-http-9.2.19.v20160908.jar;C:\Users\soadc\.m2\repository\org\apache\cxf\cxf-rt-frontend-jaxws\3.1.5.redhat-630187\cxf-rt-frontend-jaxws-3.1.5.redhat-630187.jar;C:\Users\soadc\.m2\repository\xml-resolver\xml-resolver\1.2.0.redhat-10\xml-resolver-1.2.0.redhat-10.jar;C:\Users\soadc\.m2\repository\org\ow2\asm\asm\5.0.4\asm-5.0.4.jar;C:\Users\soadc\.m2\repository\org\apache\cxf\cxf-rt-bindings-xml\3.1.5.redhat-630187\cxf-rt-bindings-xml-3.1.5.redhat-630187.jar;C:\Users\soadc\.m2\repository\org\apache\cxf\cxf-rt-frontend-simple\3.1.5.redhat-630187\cxf-rt-frontend-simple-3.1.5.redhat-630187.jar;C:\Users\soadc\.m2\repository\org\apache\cxf\cxf-rt-ws-addr\3.1.5.redhat-630187\cxf-rt-ws-addr-3.1.5.redhat-630187.jar;C:\Users\soadc\.m2\repository\org\apache\cxf\cxf-rt-ws-policy\3.1.5.redhat-630187\cxf-rt-ws-policy-3.1.5.redhat-630187.jar;C:\Users\soadc\.m2\repository\org\apache\neethi\neethi\3.0.3.redhat-1\neethi-3.0.3.redhat-1.jar;C:\Users\soadc\.m2\repository\org\apache\camel\camel-test-spring\2.17.0.redhat-630187\camel-test-spring-2.17.0.redhat-630187.jar;C:\Users\soadc\.m2\repository\org\apache\camel\camel-test\2.17.0.redhat-630187\camel-test-2.17.0.redhat-630187.jar;C:\Users\soadc\.m2\repository\junit\junit\4.11\junit-4.11.jar;C:\Users\soadc\.m2\repository\org\hamcrest\hamcrest-core\1.3\hamcrest-core-1.3.jar;C:\Users\soadc\.m2\repository\org\springframework\spring-test\3.2.16.RELEASE\spring-test-3.2.16.RELEASE.jar;"/>
    <property name="sun.cpu.endian" value="little"/>
    <property name="user.home" value="C:\Users\soadc"/>
    <property name="user.language" value="es"/>
    <property name="java.specification.vendor" value="Oracle Corporation"/>
    <property name="java.home" value="C:\Program Files (x86)\Java\jdk1.8.0_152\jre"/>
    <property name="basedir" value="C:\Users\soadc\workspace\WebServicesSpring"/>
    <property name="file.separator" value="\"/>
    <property name="line.separator" value="&#10;"/>
    <property name="java.vm.specification.vendor" value="Oracle Corporation"/>
    <property name="java.specification.name" value="Java Platform API Specification"/>
    <property name="java.awt.graphicsenv" value="sun.awt.Win32GraphicsEnvironment"/>
    <property name="surefire.real.class.path" value="C:\Users\soadc\AppData\Local\Temp\surefire8912538832558623721\surefirebooter5495124880317341600.jar"/>
    <property name="sun.boot.class.path" value="C:\Program Files (x86)\Java\jdk1.8.0_152\jre\lib\resources.jar;C:\Program Files (x86)\Java\jdk1.8.0_152\jre\lib\rt.jar;C:\Program Files (x86)\Java\jdk1.8.0_152\jre\lib\sunrsasign.jar;C:\Program Files (x86)\Java\jdk1.8.0_152\jre\lib\jsse.jar;C:\Program Files (x86)\Java\jdk1.8.0_152\jre\lib\jce.jar;C:\Program Files (x86)\Java\jdk1.8.0_152\jre\lib\charsets.jar;C:\Program Files (x86)\Java\jdk1.8.0_152\jre\lib\jfr.jar;C:\Program Files (x86)\Java\jdk1.8.0_152\jre\classes"/>
    <property name="user.script" value=""/>
    <property name="sun.management.compiler" value="HotSpot Client Compiler"/>
    <property name="java.runtime.version" value="1.8.0_152-b16"/>
    <property name="user.name" value="soadc"/>
    <property name="path.separator" value=";"/>
    <property name="os.version" value="10.0"/>
    <property name="java.endorsed.dirs" value="C:\Program Files (x86)\Java\jdk1.8.0_152\jre\lib\endorsed"/>
    <property name="java.runtime.name" value="Java(TM) SE Runtime Environment"/>
    <property name="file.encoding" value="Cp1252"/>
    <property name="java.vm.name" value="Java HotSpot(TM) Client VM"/>
    <property name="localRepository" value="C:\Users\soadc\.m2\repository"/>
    <property name="java.vendor.url.bug" value="http://bugreport.sun.com/bugreport/"/>
    <property name="java.io.tmpdir" value="C:\Users\soadc\AppData\Local\Temp\"/>
    <property name="java.version" value="1.8.0_152"/>
    <property name="user.dir" value="C:\Users\soadc\workspace\WebServicesSpring"/>
    <property name="os.arch" value="x86"/>
    <property name="java.vm.specification.name" value="Java Virtual Machine Specification"/>
    <property name="java.awt.printerjob" value="sun.awt.windows.WPrinterJob"/>
    <property name="sun.os.patch.level" value=""/>
    <property name="java.library.path" value="C:\Program Files (x86)\Java\jdk1.8.0_152\jre\bin;C:\WINDOWS\Sun\Java\bin;C:\WINDOWS\system32;C:\WINDOWS;C:\ProgramData\Oracle\Java\javapath;C:\Program Files\Microsoft MPI\Bin\;C:\WINDOWS\system32;C:\WINDOWS;C:\WINDOWS\System32\Wbem;C:\WINDOWS\System32\WindowsPowerShell\v1.0\;C:\Program Files (x86)\Skype\Phone\;C:\Program Files\Microsoft SQL Server\130\Tools\Binn\;C:\Program Files\dotnet\;C:\Program Files (x86)\Microsoft SQL Server\130\Tools\Binn\;C:\Program Files (x86)\Microsoft SQL Server\130\DTS\Binn\;C:\Program Files\Microsoft SQL Server\130\DTS\Binn\;C:\Program Files\Microsoft SQL Server\Client SDK\ODBC\130\Tools\Binn\;C:\Program Files (x86)\Microsoft SQL Server\Client SDK\ODBC\130\Tools\Binn\;C:\Program Files (x86)\Microsoft SQL Server\130\Tools\Binn\ManagementStudio\;C:\Program Files (x86)\NVIDIA Corporation\PhysX\Common;C:\WINDOWS\system32;C:\WINDOWS;C:\WINDOWS\System32\Wbem;C:\WINDOWS\System32\WindowsPowerShell\v1.0\;C:\Program Files (x86)\Microsoft SQL Server\110\DTS\Binn\;C:\Program Files (x86)\Microsoft SQL Server\120\DTS\Binn\;C:\Program Files (x86)\Microsoft SQL Server\140\DTS\Binn\;C:\Program Files (x86)\Windows Live\Shared;C:\Users\soadc\Downloads\sonar-runner-2.4\bin;E:\Program Files (x86)\nodejs\;E:\Programs\Git\cmd;C:\WINDOWS\System32\OpenSSH\;E:\Programs\Microsoft VS Code\bin;E:\Program Files (x86)\IBM\Client Access\Emulator;E:\Program Files (x86)\IBM\Client Access\Shared;E:\Program Files (x86)\IBM\Client Access\;C:\Program Files (x86)\Java\apache-maven-3.6.0\bin;C:\Program Files (x86)\Java\jdk1.8.0_152;C:\Users\soadc\AppData\Local\Programs\Python\Python36-32\Scripts\;C:\Users\soadc\AppData\Local\Programs\Python\Python36-32\;C:\Users\soadc\AppData\Local\Microsoft\WindowsApps;C:\Users\soadc\AppData\Roaming\npm;C:\Users\soadc\AppData\Local\GitHubDesktop\bin;%USERPROFILE%\AppData\Local\Microsoft\WindowsApps;."/>
    <property name="java.vm.info" value="mixed mode, sharing"/>
    <property name="java.vendor" value="Oracle Corporation"/>
    <property name="java.vm.version" value="25.152-b16"/>
    <property name="java.ext.dirs" value="C:\Program Files (x86)\Java\jdk1.8.0_152\jre\lib\ext;C:\WINDOWS\Sun\Java\lib\ext"/>
    <property name="sun.io.unicode.encoding" value="UnicodeLittle"/>
    <property name="java.class.version" value="52.0"/>
  </properties>
  <testcase name="testCamelRoute" classname="com.mycompany.camel.activemq.CamelContextXmlTest" time="4.936"/>
</testsuite>